{"/Users/kasun7153/Documents/Sysco Docs/EAG Onboarding Project/backend/dist/index.js": {"path":"/Users/kasun7153/Documents/Sysco Docs/EAG Onboarding Project/backend/dist/index.js","statementMap":{"0":{"start":{"line":3,"column":0},"end":{"line":5,"column":3}},"1":{"start":{"line":6,"column":0},"end":{"line":6,"column":25}},"2":{"start":{"line":8,"column":15},"end":{"line":8,"column":57}},"3":{"start":{"line":10,"column":12},"end":{"line":10,"column":51}},"4":{"start":{"line":12,"column":10},"end":{"line":12,"column":31}},"5":{"start":{"line":14,"column":21},"end":{"line":14,"column":85}},"6":{"start":{"line":16,"column":12},"end":{"line":16,"column":67}},"7":{"start":{"line":18,"column":14},"end":{"line":18,"column":57}},"8":{"start":{"line":20,"column":39},"end":{"line":20,"column":93}},"9":{"start":{"line":22,"column":12},"end":{"line":22,"column":35}},"10":{"start":{"line":23,"column":0},"end":{"line":23,"column":30}},"11":{"start":{"line":24,"column":0},"end":{"line":24,"column":33}},"12":{"start":{"line":25,"column":0},"end":{"line":27,"column":3}},"13":{"start":{"line":26,"column":2},"end":{"line":26,"column":27}},"14":{"start":{"line":28,"column":0},"end":{"line":28,"column":56}},"15":{"start":{"line":29,"column":0},"end":{"line":29,"column":37}},"16":{"start":{"line":31,"column":14},"end":{"line":41,"column":1}},"17":{"start":{"line":32,"column":2},"end":{"line":40,"column":3}},"18":{"start":{"line":33,"column":4},"end":{"line":33,"column":23}},"19":{"start":{"line":34,"column":4},"end":{"line":34,"column":37}},"20":{"start":{"line":35,"column":4},"end":{"line":37,"column":7}},"21":{"start":{"line":36,"column":6},"end":{"line":36,"column":57}},"22":{"start":{"line":39,"column":4},"end":{"line":39,"column":21}},"23":{"start":{"line":43,"column":15},"end":{"line":43,"column":22}},"24":{"start":{"line":44,"column":15},"end":{"line":44,"column":21}},"25":{"start":{"line":45,"column":0},"end":{"line":45,"column":27}}},"fnMap":{"0":{"name":"_interopRequireDefault","decl":{"start":{"line":20,"column":9},"end":{"line":20,"column":31}},"loc":{"start":{"line":20,"column":37},"end":{"line":20,"column":95}},"line":20},"1":{"name":"(anonymous_1)","decl":{"start":{"line":25,"column":13},"end":{"line":25,"column":14}},"loc":{"start":{"line":25,"column":33},"end":{"line":27,"column":1}},"line":25},"2":{"name":"(anonymous_2)","decl":{"start":{"line":31,"column":14},"end":{"line":31,"column":15}},"loc":{"start":{"line":31,"column":20},"end":{"line":41,"column":1}},"line":31},"3":{"name":"(anonymous_3)","decl":{"start":{"line":35,"column":44},"end":{"line":35,"column":45}},"loc":{"start":{"line":35,"column":50},"end":{"line":37,"column":5}},"line":35}},"branchMap":{"0":{"loc":{"start":{"line":20,"column":46},"end":{"line":20,"column":92}},"type":"cond-expr","locations":[{"start":{"line":20,"column":70},"end":{"line":20,"column":73}},{"start":{"line":20,"column":76},"end":{"line":20,"column":92}}],"line":20},"1":{"loc":{"start":{"line":20,"column":46},"end":{"line":20,"column":67}},"type":"binary-expr","locations":[{"start":{"line":20,"column":46},"end":{"line":20,"column":49}},{"start":{"line":20,"column":53},"end":{"line":20,"column":67}}],"line":20}},"s":{"0":2,"1":2,"2":2,"3":2,"4":2,"5":2,"6":2,"7":2,"8":10,"9":2,"10":2,"11":2,"12":2,"13":0,"14":2,"15":2,"16":2,"17":2,"18":2,"19":2,"20":2,"21":2,"22":0,"23":2,"24":2,"25":2},"f":{"0":10,"1":0,"2":2,"3":2},"b":{"0":[6,4],"1":[10,10]},"_coverageSchema":"1a1c01bbd47fc00a2c39e90264f33305004495a9","hash":"ff9dc3981857ae126b824abbc4c6c59df6132002"}
,"/Users/kasun7153/Documents/Sysco Docs/EAG Onboarding Project/backend/dist/config/index.js": {"path":"/Users/kasun7153/Documents/Sysco Docs/EAG Onboarding Project/backend/dist/config/index.js","statementMap":{"0":{"start":{"line":3,"column":0},"end":{"line":5,"column":3}},"1":{"start":{"line":6,"column":0},"end":{"line":6,"column":25}},"2":{"start":{"line":8,"column":14},"end":{"line":8,"column":31}},"3":{"start":{"line":10,"column":12},"end":{"line":10,"column":49}},"4":{"start":{"line":11,"column":19},"end":{"line":15,"column":1}},"5":{"start":{"line":16,"column":16},"end":{"line":16,"column":18}},"6":{"start":{"line":18,"column":0},"end":{"line":31,"column":1}},"7":{"start":{"line":21,"column":4},"end":{"line":21,"column":40}},"8":{"start":{"line":22,"column":4},"end":{"line":22,"column":10}},"9":{"start":{"line":26,"column":4},"end":{"line":26,"column":44}},"10":{"start":{"line":27,"column":4},"end":{"line":27,"column":10}},"11":{"start":{"line":30,"column":4},"end":{"line":30,"column":40}},"12":{"start":{"line":33,"column":15},"end":{"line":33,"column":56}},"13":{"start":{"line":35,"column":0},"end":{"line":35,"column":27}}},"fnMap":{},"branchMap":{"0":{"loc":{"start":{"line":10,"column":12},"end":{"line":10,"column":49}},"type":"binary-expr","locations":[{"start":{"line":10,"column":12},"end":{"line":10,"column":32}},{"start":{"line":10,"column":36},"end":{"line":10,"column":49}}],"line":10},"1":{"loc":{"start":{"line":18,"column":0},"end":{"line":31,"column":1}},"type":"switch","locations":[{"start":{"line":19,"column":2},"end":{"line":19,"column":13}},{"start":{"line":20,"column":2},"end":{"line":22,"column":10}},{"start":{"line":24,"column":2},"end":{"line":24,"column":14}},{"start":{"line":25,"column":2},"end":{"line":27,"column":10}},{"start":{"line":29,"column":2},"end":{"line":30,"column":40}}],"line":18}},"s":{"0":2,"1":2,"2":2,"3":2,"4":2,"5":2,"6":2,"7":0,"8":0,"9":2,"10":2,"11":0,"12":2,"13":2},"f":{},"b":{"0":[2,0],"1":[0,0,2,2,0]},"_coverageSchema":"1a1c01bbd47fc00a2c39e90264f33305004495a9","hash":"dc1e3b9108cf25ec22cf44e43b667876981a2023"}
,"/Users/kasun7153/Documents/Sysco Docs/EAG Onboarding Project/backend/dist/config/testing.js": {"path":"/Users/kasun7153/Documents/Sysco Docs/EAG Onboarding Project/backend/dist/config/testing.js","statementMap":{"0":{"start":{"line":3,"column":0},"end":{"line":5,"column":3}},"1":{"start":{"line":6,"column":0},"end":{"line":6,"column":24}},"2":{"start":{"line":7,"column":15},"end":{"line":11,"column":1}},"3":{"start":{"line":12,"column":0},"end":{"line":12,"column":24}}},"fnMap":{},"branchMap":{},"s":{"0":2,"1":2,"2":2,"3":2},"f":{},"b":{},"_coverageSchema":"1a1c01bbd47fc00a2c39e90264f33305004495a9","hash":"e9ad81c42db1b0f746495b8d1e6eb6c37c17c679"}
,"/Users/kasun7153/Documents/Sysco Docs/EAG Onboarding Project/backend/dist/controllers/auth.controllers.js": {"path":"/Users/kasun7153/Documents/Sysco Docs/EAG Onboarding Project/backend/dist/controllers/auth.controllers.js","statementMap":{"0":{"start":{"line":3,"column":0},"end":{"line":5,"column":3}},"1":{"start":{"line":6,"column":0},"end":{"line":6,"column":44}},"2":{"start":{"line":8,"column":12},"end":{"line":8,"column":43}},"3":{"start":{"line":10,"column":11},"end":{"line":10,"column":49}},"4":{"start":{"line":12,"column":16},"end":{"line":12,"column":35}},"5":{"start":{"line":14,"column":20},"end":{"line":14,"column":43}},"6":{"start":{"line":16,"column":14},"end":{"line":16,"column":58}},"7":{"start":{"line":18,"column":39},"end":{"line":18,"column":93}},"8":{"start":{"line":20,"column":54},"end":{"line":20,"column":73}},"9":{"start":{"line":20,"column":75},"end":{"line":20,"column":330}},"10":{"start":{"line":20,"column":125},"end":{"line":20,"column":161}},"11":{"start":{"line":20,"column":163},"end":{"line":20,"column":296}},"12":{"start":{"line":20,"column":185},"end":{"line":20,"column":294}},"13":{"start":{"line":20,"column":227},"end":{"line":20,"column":290}},"14":{"start":{"line":20,"column":297},"end":{"line":20,"column":328}},"15":{"start":{"line":20,"column":331},"end":{"line":20,"column":343}},"16":{"start":{"line":22,"column":33},"end":{"line":22,"column":517}},"17":{"start":{"line":22,"column":46},"end":{"line":22,"column":47}},"18":{"start":{"line":22,"column":91},"end":{"line":22,"column":131}},"19":{"start":{"line":22,"column":133},"end":{"line":22,"column":515}},"20":{"start":{"line":22,"column":146},"end":{"line":22,"column":247}},"21":{"start":{"line":22,"column":201},"end":{"line":22,"column":243}},"22":{"start":{"line":22,"column":255},"end":{"line":22,"column":515}},"23":{"start":{"line":22,"column":295},"end":{"line":22,"column":369}},"24":{"start":{"line":22,"column":379},"end":{"line":22,"column":513}},"25":{"start":{"line":22,"column":428},"end":{"line":22,"column":509}},"26":{"start":{"line":22,"column":518},"end":{"line":22,"column":532}},"27":{"start":{"line":24,"column":44},"end":{"line":24,"column":195}},"28":{"start":{"line":24,"column":62},"end":{"line":24,"column":166}},"29":{"start":{"line":24,"column":176},"end":{"line":24,"column":193}},"30":{"start":{"line":24,"column":196},"end":{"line":24,"column":207}},"31":{"start":{"line":26,"column":21},"end":{"line":67,"column":1}},"32":{"start":{"line":27,"column":17},"end":{"line":32,"column":4}},"33":{"start":{"line":34,"column":21},"end":{"line":34,"column":46}},"34":{"start":{"line":36,"column":2},"end":{"line":41,"column":3}},"35":{"start":{"line":37,"column":4},"end":{"line":39,"column":7}},"36":{"start":{"line":40,"column":4},"end":{"line":40,"column":11}},"37":{"start":{"line":43,"column":2},"end":{"line":66,"column":3}},"38":{"start":{"line":44,"column":17},"end":{"line":44,"column":33}},"39":{"start":{"line":45,"column":20},"end":{"line":47,"column":6}},"40":{"start":{"line":49,"column":4},"end":{"line":61,"column":5}},"41":{"start":{"line":50,"column":6},"end":{"line":52,"column":9}},"42":{"start":{"line":53,"column":6},"end":{"line":53,"column":13}},"43":{"start":{"line":55,"column":19},"end":{"line":55,"column":49}},"44":{"start":{"line":56,"column":6},"end":{"line":56,"column":67}},"45":{"start":{"line":57,"column":6},"end":{"line":57,"column":55}},"46":{"start":{"line":58,"column":6},"end":{"line":60,"column":9}},"47":{"start":{"line":63,"column":4},"end":{"line":65,"column":7}},"48":{"start":{"line":69,"column":17},"end":{"line":75,"column":1}},"49":{"start":{"line":70,"column":2},"end":{"line":74,"column":5}},"50":{"start":{"line":77,"column":0},"end":{"line":77,"column":28}},"51":{"start":{"line":79,"column":18},"end":{"line":121,"column":1}},"52":{"start":{"line":80,"column":17},"end":{"line":83,"column":4}},"53":{"start":{"line":85,"column":2},"end":{"line":120,"column":3}},"54":{"start":{"line":86,"column":23},"end":{"line":86,"column":48}},"55":{"start":{"line":88,"column":4},"end":{"line":90,"column":5}},"56":{"start":{"line":89,"column":6},"end":{"line":89,"column":48}},"57":{"start":{"line":92,"column":17},"end":{"line":92,"column":33}},"58":{"start":{"line":93,"column":17},"end":{"line":95,"column":6}},"59":{"start":{"line":97,"column":4},"end":{"line":115,"column":5}},"60":{"start":{"line":98,"column":21},"end":{"line":98,"column":77}},"61":{"start":{"line":100,"column":6},"end":{"line":112,"column":7}},"62":{"start":{"line":101,"column":26},"end":{"line":101,"column":40}},"63":{"start":{"line":102,"column":8},"end":{"line":109,"column":11}},"64":{"start":{"line":111,"column":8},"end":{"line":111,"column":44}},"65":{"start":{"line":114,"column":6},"end":{"line":114,"column":39}},"66":{"start":{"line":117,"column":4},"end":{"line":119,"column":7}},"67":{"start":{"line":123,"column":21},"end":{"line":145,"column":1}},"68":{"start":{"line":124,"column":2},"end":{"line":144,"column":3}},"69":{"start":{"line":125,"column":17},"end":{"line":127,"column":6}},"70":{"start":{"line":129,"column":4},"end":{"line":139,"column":5}},"71":{"start":{"line":130,"column":6},"end":{"line":136,"column":9}},"72":{"start":{"line":138,"column":6},"end":{"line":138,"column":38}},"73":{"start":{"line":141,"column":4},"end":{"line":143,"column":7}},"74":{"start":{"line":147,"column":15},"end":{"line":151,"column":1}},"75":{"start":{"line":152,"column":0},"end":{"line":152,"column":27}}},"fnMap":{"0":{"name":"_interopRequireDefault","decl":{"start":{"line":18,"column":9},"end":{"line":18,"column":31}},"loc":{"start":{"line":18,"column":37},"end":{"line":18,"column":95}},"line":18},"1":{"name":"ownKeys","decl":{"start":{"line":20,"column":9},"end":{"line":20,"column":16}},"loc":{"start":{"line":20,"column":41},"end":{"line":20,"column":345}},"line":20},"2":{"name":"(anonymous_2)","decl":{"start":{"line":20,"column":210},"end":{"line":20,"column":211}},"loc":{"start":{"line":20,"column":225},"end":{"line":20,"column":292}},"line":20},"3":{"name":"_objectSpread","decl":{"start":{"line":22,"column":9},"end":{"line":22,"column":22}},"loc":{"start":{"line":22,"column":31},"end":{"line":22,"column":534}},"line":22},"4":{"name":"(anonymous_4)","decl":{"start":{"line":22,"column":184},"end":{"line":22,"column":185}},"loc":{"start":{"line":22,"column":199},"end":{"line":22,"column":245}},"line":22},"5":{"name":"(anonymous_5)","decl":{"start":{"line":22,"column":411},"end":{"line":22,"column":412}},"loc":{"start":{"line":22,"column":426},"end":{"line":22,"column":511}},"line":22},"6":{"name":"_defineProperty","decl":{"start":{"line":24,"column":9},"end":{"line":24,"column":24}},"loc":{"start":{"line":24,"column":42},"end":{"line":24,"column":209}},"line":24},"7":{"name":"(anonymous_7)","decl":{"start":{"line":26,"column":21},"end":{"line":26,"column":22}},"loc":{"start":{"line":26,"column":41},"end":{"line":67,"column":1}},"line":26},"8":{"name":"(anonymous_8)","decl":{"start":{"line":69,"column":17},"end":{"line":69,"column":18}},"loc":{"start":{"line":69,"column":25},"end":{"line":75,"column":1}},"line":69},"9":{"name":"(anonymous_9)","decl":{"start":{"line":79,"column":18},"end":{"line":79,"column":19}},"loc":{"start":{"line":79,"column":38},"end":{"line":121,"column":1}},"line":79},"10":{"name":"(anonymous_10)","decl":{"start":{"line":123,"column":21},"end":{"line":123,"column":22}},"loc":{"start":{"line":123,"column":41},"end":{"line":145,"column":1}},"line":123}},"branchMap":{"0":{"loc":{"start":{"line":18,"column":46},"end":{"line":18,"column":92}},"type":"cond-expr","locations":[{"start":{"line":18,"column":70},"end":{"line":18,"column":73}},{"start":{"line":18,"column":76},"end":{"line":18,"column":92}}],"line":18},"1":{"loc":{"start":{"line":18,"column":46},"end":{"line":18,"column":67}},"type":"binary-expr","locations":[{"start":{"line":18,"column":46},"end":{"line":18,"column":49}},{"start":{"line":18,"column":53},"end":{"line":18,"column":67}}],"line":18},"2":{"loc":{"start":{"line":20,"column":75},"end":{"line":20,"column":330}},"type":"if","locations":[{"start":{"line":20,"column":75},"end":{"line":20,"column":330}},{"start":{},"end":{}}],"line":20},"3":{"loc":{"start":{"line":20,"column":163},"end":{"line":20,"column":296}},"type":"if","locations":[{"start":{"line":20,"column":163},"end":{"line":20,"column":296}},{"start":{},"end":{}}],"line":20},"4":{"loc":{"start":{"line":22,"column":91},"end":{"line":22,"column":131}},"type":"cond-expr","locations":[{"start":{"line":22,"column":114},"end":{"line":22,"column":126}},{"start":{"line":22,"column":129},"end":{"line":22,"column":131}}],"line":22},"5":{"loc":{"start":{"line":22,"column":133},"end":{"line":22,"column":515}},"type":"if","locations":[{"start":{"line":22,"column":133},"end":{"line":22,"column":515}},{"start":{"line":22,"column":255},"end":{"line":22,"column":515}}],"line":22},"6":{"loc":{"start":{"line":22,"column":255},"end":{"line":22,"column":515}},"type":"if","locations":[{"start":{"line":22,"column":255},"end":{"line":22,"column":515}},{"start":{"line":22,"column":377},"end":{"line":22,"column":515}}],"line":22},"7":{"loc":{"start":{"line":24,"column":44},"end":{"line":24,"column":195}},"type":"if","locations":[{"start":{"line":24,"column":44},"end":{"line":24,"column":195}},{"start":{"line":24,"column":174},"end":{"line":24,"column":195}}],"line":24},"8":{"loc":{"start":{"line":36,"column":2},"end":{"line":41,"column":3}},"type":"if","locations":[{"start":{"line":36,"column":2},"end":{"line":41,"column":3}},{"start":{},"end":{}}],"line":36},"9":{"loc":{"start":{"line":49,"column":4},"end":{"line":61,"column":5}},"type":"if","locations":[{"start":{"line":49,"column":4},"end":{"line":61,"column":5}},{"start":{"line":54,"column":11},"end":{"line":61,"column":5}}],"line":49},"10":{"loc":{"start":{"line":63,"column":15},"end":{"line":63,"column":30}},"type":"binary-expr","locations":[{"start":{"line":63,"column":15},"end":{"line":63,"column":23}},{"start":{"line":63,"column":27},"end":{"line":63,"column":30}}],"line":63},"11":{"loc":{"start":{"line":88,"column":4},"end":{"line":90,"column":5}},"type":"if","locations":[{"start":{"line":88,"column":4},"end":{"line":90,"column":5}},{"start":{},"end":{}}],"line":88},"12":{"loc":{"start":{"line":97,"column":4},"end":{"line":115,"column":5}},"type":"if","locations":[{"start":{"line":97,"column":4},"end":{"line":115,"column":5}},{"start":{"line":113,"column":11},"end":{"line":115,"column":5}}],"line":97},"13":{"loc":{"start":{"line":100,"column":6},"end":{"line":112,"column":7}},"type":"if","locations":[{"start":{"line":100,"column":6},"end":{"line":112,"column":7}},{"start":{"line":110,"column":13},"end":{"line":112,"column":7}}],"line":100},"14":{"loc":{"start":{"line":117,"column":15},"end":{"line":117,"column":30}},"type":"binary-expr","locations":[{"start":{"line":117,"column":15},"end":{"line":117,"column":23}},{"start":{"line":117,"column":27},"end":{"line":117,"column":30}}],"line":117},"15":{"loc":{"start":{"line":129,"column":4},"end":{"line":139,"column":5}},"type":"if","locations":[{"start":{"line":129,"column":4},"end":{"line":139,"column":5}},{"start":{"line":137,"column":11},"end":{"line":139,"column":5}}],"line":129},"16":{"loc":{"start":{"line":141,"column":15},"end":{"line":141,"column":30}},"type":"binary-expr","locations":[{"start":{"line":141,"column":15},"end":{"line":141,"column":23}},{"start":{"line":141,"column":27},"end":{"line":141,"column":30}}],"line":141}},"s":{"0":2,"1":2,"2":2,"3":2,"4":2,"5":2,"6":2,"7":4,"8":1,"9":1,"10":1,"11":1,"12":1,"13":0,"14":1,"15":1,"16":1,"17":1,"18":1,"19":1,"20":1,"21":4,"22":0,"23":0,"24":0,"25":0,"26":1,"27":4,"28":0,"29":4,"30":4,"31":2,"32":1,"33":1,"34":1,"35":0,"36":0,"37":1,"38":1,"39":1,"40":1,"41":0,"42":0,"43":1,"44":1,"45":1,"46":1,"47":0,"48":2,"49":2,"50":2,"51":2,"52":1,"53":1,"54":1,"55":1,"56":0,"57":1,"58":1,"59":1,"60":1,"61":1,"62":1,"63":1,"64":0,"65":0,"66":0,"67":2,"68":0,"69":0,"70":0,"71":0,"72":0,"73":0,"74":2,"75":2},"f":{"0":4,"1":1,"2":0,"3":1,"4":4,"5":0,"6":4,"7":1,"8":2,"9":1,"10":0},"b":{"0":[2,2],"1":[4,4],"2":[1,0],"3":[1,0],"4":[1,0],"5":[1,0],"6":[0,0],"7":[0,4],"8":[0,1],"9":[0,1],"10":[0,0],"11":[0,1],"12":[1,0],"13":[1,0],"14":[0,0],"15":[0,0],"16":[0,0]},"_coverageSchema":"1a1c01bbd47fc00a2c39e90264f33305004495a9","hash":"a38efe2933feeffb623aac1e1503db963fb929b4"}
,"/Users/kasun7153/Documents/Sysco Docs/EAG Onboarding Project/backend/dist/controllers/purchaseOrder.controllers.js": {"path":"/Users/kasun7153/Documents/Sysco Docs/EAG Onboarding Project/backend/dist/controllers/purchaseOrder.controllers.js","statementMap":{"0":{"start":{"line":3,"column":0},"end":{"line":5,"column":3}},"1":{"start":{"line":6,"column":0},"end":{"line":6,"column":25}},"2":{"start":{"line":8,"column":21},"end":{"line":8,"column":61}},"3":{"start":{"line":10,"column":54},"end":{"line":10,"column":73}},"4":{"start":{"line":10,"column":75},"end":{"line":10,"column":330}},"5":{"start":{"line":10,"column":125},"end":{"line":10,"column":161}},"6":{"start":{"line":10,"column":163},"end":{"line":10,"column":296}},"7":{"start":{"line":10,"column":185},"end":{"line":10,"column":294}},"8":{"start":{"line":10,"column":227},"end":{"line":10,"column":290}},"9":{"start":{"line":10,"column":297},"end":{"line":10,"column":328}},"10":{"start":{"line":10,"column":331},"end":{"line":10,"column":343}},"11":{"start":{"line":12,"column":33},"end":{"line":12,"column":517}},"12":{"start":{"line":12,"column":46},"end":{"line":12,"column":47}},"13":{"start":{"line":12,"column":91},"end":{"line":12,"column":131}},"14":{"start":{"line":12,"column":133},"end":{"line":12,"column":515}},"15":{"start":{"line":12,"column":146},"end":{"line":12,"column":247}},"16":{"start":{"line":12,"column":201},"end":{"line":12,"column":243}},"17":{"start":{"line":12,"column":255},"end":{"line":12,"column":515}},"18":{"start":{"line":12,"column":295},"end":{"line":12,"column":369}},"19":{"start":{"line":12,"column":379},"end":{"line":12,"column":513}},"20":{"start":{"line":12,"column":428},"end":{"line":12,"column":509}},"21":{"start":{"line":12,"column":518},"end":{"line":12,"column":532}},"22":{"start":{"line":14,"column":44},"end":{"line":14,"column":195}},"23":{"start":{"line":14,"column":62},"end":{"line":14,"column":166}},"24":{"start":{"line":14,"column":176},"end":{"line":14,"column":193}},"25":{"start":{"line":14,"column":196},"end":{"line":14,"column":207}},"26":{"start":{"line":16,"column":26},"end":{"line":27,"column":1}},"27":{"start":{"line":17,"column":2},"end":{"line":26,"column":3}},"28":{"start":{"line":18,"column":4},"end":{"line":18,"column":75}},"29":{"start":{"line":19,"column":4},"end":{"line":21,"column":7}},"30":{"start":{"line":23,"column":4},"end":{"line":25,"column":7}},"31":{"start":{"line":29,"column":25},"end":{"line":41,"column":1}},"32":{"start":{"line":30,"column":2},"end":{"line":40,"column":3}},"33":{"start":{"line":31,"column":20},"end":{"line":31,"column":48}},"34":{"start":{"line":32,"column":26},"end":{"line":34,"column":6}},"35":{"start":{"line":35,"column":4},"end":{"line":35,"column":28}},"36":{"start":{"line":37,"column":4},"end":{"line":39,"column":7}},"37":{"start":{"line":43,"column":29},"end":{"line":54,"column":1}},"38":{"start":{"line":44,"column":2},"end":{"line":53,"column":3}},"39":{"start":{"line":45,"column":27},"end":{"line":45,"column":68}},"40":{"start":{"line":46,"column":4},"end":{"line":48,"column":7}},"41":{"start":{"line":50,"column":4},"end":{"line":52,"column":7}},"42":{"start":{"line":56,"column":26},"end":{"line":68,"column":1}},"43":{"start":{"line":57,"column":2},"end":{"line":67,"column":3}},"44":{"start":{"line":58,"column":20},"end":{"line":58,"column":48}},"45":{"start":{"line":59,"column":4},"end":{"line":59,"column":95}},"46":{"start":{"line":60,"column":4},"end":{"line":62,"column":7}},"47":{"start":{"line":64,"column":4},"end":{"line":66,"column":7}},"48":{"start":{"line":70,"column":28},"end":{"line":82,"column":1}},"49":{"start":{"line":71,"column":2},"end":{"line":81,"column":3}},"50":{"start":{"line":72,"column":20},"end":{"line":72,"column":48}},"51":{"start":{"line":73,"column":4},"end":{"line":73,"column":66}},"52":{"start":{"line":74,"column":4},"end":{"line":76,"column":7}},"53":{"start":{"line":78,"column":4},"end":{"line":80,"column":7}},"54":{"start":{"line":84,"column":15},"end":{"line":90,"column":1}},"55":{"start":{"line":91,"column":0},"end":{"line":91,"column":27}}},"fnMap":{"0":{"name":"ownKeys","decl":{"start":{"line":10,"column":9},"end":{"line":10,"column":16}},"loc":{"start":{"line":10,"column":41},"end":{"line":10,"column":345}},"line":10},"1":{"name":"(anonymous_1)","decl":{"start":{"line":10,"column":210},"end":{"line":10,"column":211}},"loc":{"start":{"line":10,"column":225},"end":{"line":10,"column":292}},"line":10},"2":{"name":"_objectSpread","decl":{"start":{"line":12,"column":9},"end":{"line":12,"column":22}},"loc":{"start":{"line":12,"column":31},"end":{"line":12,"column":534}},"line":12},"3":{"name":"(anonymous_3)","decl":{"start":{"line":12,"column":184},"end":{"line":12,"column":185}},"loc":{"start":{"line":12,"column":199},"end":{"line":12,"column":245}},"line":12},"4":{"name":"(anonymous_4)","decl":{"start":{"line":12,"column":411},"end":{"line":12,"column":412}},"loc":{"start":{"line":12,"column":426},"end":{"line":12,"column":511}},"line":12},"5":{"name":"_defineProperty","decl":{"start":{"line":14,"column":9},"end":{"line":14,"column":24}},"loc":{"start":{"line":14,"column":42},"end":{"line":14,"column":209}},"line":14},"6":{"name":"(anonymous_6)","decl":{"start":{"line":16,"column":26},"end":{"line":16,"column":27}},"loc":{"start":{"line":16,"column":46},"end":{"line":27,"column":1}},"line":16},"7":{"name":"(anonymous_7)","decl":{"start":{"line":29,"column":25},"end":{"line":29,"column":26}},"loc":{"start":{"line":29,"column":45},"end":{"line":41,"column":1}},"line":29},"8":{"name":"(anonymous_8)","decl":{"start":{"line":43,"column":29},"end":{"line":43,"column":30}},"loc":{"start":{"line":43,"column":49},"end":{"line":54,"column":1}},"line":43},"9":{"name":"(anonymous_9)","decl":{"start":{"line":56,"column":26},"end":{"line":56,"column":27}},"loc":{"start":{"line":56,"column":46},"end":{"line":68,"column":1}},"line":56},"10":{"name":"(anonymous_10)","decl":{"start":{"line":70,"column":28},"end":{"line":70,"column":29}},"loc":{"start":{"line":70,"column":48},"end":{"line":82,"column":1}},"line":70}},"branchMap":{"0":{"loc":{"start":{"line":10,"column":75},"end":{"line":10,"column":330}},"type":"if","locations":[{"start":{"line":10,"column":75},"end":{"line":10,"column":330}},{"start":{},"end":{}}],"line":10},"1":{"loc":{"start":{"line":10,"column":163},"end":{"line":10,"column":296}},"type":"if","locations":[{"start":{"line":10,"column":163},"end":{"line":10,"column":296}},{"start":{},"end":{}}],"line":10},"2":{"loc":{"start":{"line":12,"column":91},"end":{"line":12,"column":131}},"type":"cond-expr","locations":[{"start":{"line":12,"column":114},"end":{"line":12,"column":126}},{"start":{"line":12,"column":129},"end":{"line":12,"column":131}}],"line":12},"3":{"loc":{"start":{"line":12,"column":133},"end":{"line":12,"column":515}},"type":"if","locations":[{"start":{"line":12,"column":133},"end":{"line":12,"column":515}},{"start":{"line":12,"column":255},"end":{"line":12,"column":515}}],"line":12},"4":{"loc":{"start":{"line":12,"column":255},"end":{"line":12,"column":515}},"type":"if","locations":[{"start":{"line":12,"column":255},"end":{"line":12,"column":515}},{"start":{"line":12,"column":377},"end":{"line":12,"column":515}}],"line":12},"5":{"loc":{"start":{"line":14,"column":44},"end":{"line":14,"column":195}},"type":"if","locations":[{"start":{"line":14,"column":44},"end":{"line":14,"column":195}},{"start":{"line":14,"column":174},"end":{"line":14,"column":195}}],"line":14},"6":{"loc":{"start":{"line":23,"column":15},"end":{"line":23,"column":30}},"type":"binary-expr","locations":[{"start":{"line":23,"column":15},"end":{"line":23,"column":23}},{"start":{"line":23,"column":27},"end":{"line":23,"column":30}}],"line":23},"7":{"loc":{"start":{"line":37,"column":15},"end":{"line":37,"column":30}},"type":"binary-expr","locations":[{"start":{"line":37,"column":15},"end":{"line":37,"column":23}},{"start":{"line":37,"column":27},"end":{"line":37,"column":30}}],"line":37},"8":{"loc":{"start":{"line":50,"column":15},"end":{"line":50,"column":30}},"type":"binary-expr","locations":[{"start":{"line":50,"column":15},"end":{"line":50,"column":23}},{"start":{"line":50,"column":27},"end":{"line":50,"column":30}}],"line":50},"9":{"loc":{"start":{"line":64,"column":15},"end":{"line":64,"column":30}},"type":"binary-expr","locations":[{"start":{"line":64,"column":15},"end":{"line":64,"column":23}},{"start":{"line":64,"column":27},"end":{"line":64,"column":30}}],"line":64},"10":{"loc":{"start":{"line":78,"column":15},"end":{"line":78,"column":30}},"type":"binary-expr","locations":[{"start":{"line":78,"column":15},"end":{"line":78,"column":23}},{"start":{"line":78,"column":27},"end":{"line":78,"column":30}}],"line":78}},"s":{"0":2,"1":2,"2":2,"3":2,"4":2,"5":2,"6":2,"7":2,"8":0,"9":2,"10":2,"11":2,"12":2,"13":2,"14":2,"15":2,"16":6,"17":0,"18":0,"19":0,"20":0,"21":2,"22":6,"23":0,"24":6,"25":6,"26":2,"27":1,"28":1,"29":1,"30":0,"31":2,"32":0,"33":0,"34":0,"35":0,"36":0,"37":2,"38":1,"39":1,"40":1,"41":0,"42":2,"43":1,"44":1,"45":1,"46":1,"47":0,"48":2,"49":1,"50":1,"51":1,"52":1,"53":0,"54":2,"55":2},"f":{"0":2,"1":0,"2":2,"3":6,"4":0,"5":6,"6":1,"7":0,"8":1,"9":1,"10":1},"b":{"0":[2,0],"1":[2,0],"2":[2,0],"3":[2,0],"4":[0,0],"5":[0,6],"6":[0,0],"7":[0,0],"8":[0,0],"9":[0,0],"10":[0,0]},"_coverageSchema":"1a1c01bbd47fc00a2c39e90264f33305004495a9","hash":"6b4b286d50005e7df490e3c281a1c879d52a6143"}
,"/Users/kasun7153/Documents/Sysco Docs/EAG Onboarding Project/backend/dist/middleware/checkAuth.js": {"path":"/Users/kasun7153/Documents/Sysco Docs/EAG Onboarding Project/backend/dist/middleware/checkAuth.js","statementMap":{"0":{"start":{"line":3,"column":0},"end":{"line":5,"column":3}},"1":{"start":{"line":6,"column":0},"end":{"line":6,"column":25}},"2":{"start":{"line":8,"column":20},"end":{"line":8,"column":43}},"3":{"start":{"line":10,"column":14},"end":{"line":10,"column":58}},"4":{"start":{"line":12,"column":39},"end":{"line":12,"column":93}},"5":{"start":{"line":14,"column":19},"end":{"line":35,"column":1}},"6":{"start":{"line":15,"column":14},"end":{"line":15,"column":38}},"7":{"start":{"line":17,"column":2},"end":{"line":34,"column":3}},"8":{"start":{"line":18,"column":4},"end":{"line":18,"column":27}},"9":{"start":{"line":19,"column":4},"end":{"line":29,"column":7}},"10":{"start":{"line":20,"column":6},"end":{"line":28,"column":7}},"11":{"start":{"line":21,"column":8},"end":{"line":23,"column":11}},"12":{"start":{"line":25,"column":8},"end":{"line":25,"column":34}},"13":{"start":{"line":26,"column":8},"end":{"line":26,"column":33}},"14":{"start":{"line":27,"column":8},"end":{"line":27,"column":15}},"15":{"start":{"line":31,"column":4},"end":{"line":33,"column":7}},"16":{"start":{"line":37,"column":15},"end":{"line":37,"column":25}},"17":{"start":{"line":38,"column":0},"end":{"line":38,"column":27}}},"fnMap":{"0":{"name":"_interopRequireDefault","decl":{"start":{"line":12,"column":9},"end":{"line":12,"column":31}},"loc":{"start":{"line":12,"column":37},"end":{"line":12,"column":95}},"line":12},"1":{"name":"(anonymous_1)","decl":{"start":{"line":14,"column":19},"end":{"line":14,"column":20}},"loc":{"start":{"line":14,"column":39},"end":{"line":35,"column":1}},"line":14},"2":{"name":"(anonymous_2)","decl":{"start":{"line":19,"column":68},"end":{"line":19,"column":69}},"loc":{"start":{"line":19,"column":88},"end":{"line":29,"column":5}},"line":19}},"branchMap":{"0":{"loc":{"start":{"line":12,"column":46},"end":{"line":12,"column":92}},"type":"cond-expr","locations":[{"start":{"line":12,"column":70},"end":{"line":12,"column":73}},{"start":{"line":12,"column":76},"end":{"line":12,"column":92}}],"line":12},"1":{"loc":{"start":{"line":12,"column":46},"end":{"line":12,"column":67}},"type":"binary-expr","locations":[{"start":{"line":12,"column":46},"end":{"line":12,"column":49}},{"start":{"line":12,"column":53},"end":{"line":12,"column":67}}],"line":12},"2":{"loc":{"start":{"line":17,"column":2},"end":{"line":34,"column":3}},"type":"if","locations":[{"start":{"line":17,"column":2},"end":{"line":34,"column":3}},{"start":{"line":30,"column":9},"end":{"line":34,"column":3}}],"line":17},"3":{"loc":{"start":{"line":20,"column":6},"end":{"line":28,"column":7}},"type":"if","locations":[{"start":{"line":20,"column":6},"end":{"line":28,"column":7}},{"start":{"line":24,"column":13},"end":{"line":28,"column":7}}],"line":20}},"s":{"0":2,"1":2,"2":2,"3":2,"4":2,"5":2,"6":4,"7":4,"8":4,"9":4,"10":4,"11":0,"12":4,"13":4,"14":4,"15":0,"16":2,"17":2},"f":{"0":2,"1":4,"2":4},"b":{"0":[2,0],"1":[2,2],"2":[4,0],"3":[0,4]},"_coverageSchema":"1a1c01bbd47fc00a2c39e90264f33305004495a9","hash":"99d93602d431dbeab53a31140270e36df49cf165"}
,"/Users/kasun7153/Documents/Sysco Docs/EAG Onboarding Project/backend/dist/models/auth.model.js": {"path":"/Users/kasun7153/Documents/Sysco Docs/EAG Onboarding Project/backend/dist/models/auth.model.js","statementMap":{"0":{"start":{"line":3,"column":0},"end":{"line":5,"column":3}},"1":{"start":{"line":6,"column":0},"end":{"line":6,"column":22}},"2":{"start":{"line":8,"column":16},"end":{"line":8,"column":59}},"3":{"start":{"line":10,"column":39},"end":{"line":10,"column":93}},"4":{"start":{"line":12,"column":19},"end":{"line":36,"column":2}},"5":{"start":{"line":38,"column":13},"end":{"line":38,"column":56}},"6":{"start":{"line":40,"column":0},"end":{"line":40,"column":20}}},"fnMap":{"0":{"name":"_interopRequireDefault","decl":{"start":{"line":10,"column":9},"end":{"line":10,"column":31}},"loc":{"start":{"line":10,"column":37},"end":{"line":10,"column":95}},"line":10}},"branchMap":{"0":{"loc":{"start":{"line":10,"column":46},"end":{"line":10,"column":92}},"type":"cond-expr","locations":[{"start":{"line":10,"column":70},"end":{"line":10,"column":73}},{"start":{"line":10,"column":76},"end":{"line":10,"column":92}}],"line":10},"1":{"loc":{"start":{"line":10,"column":46},"end":{"line":10,"column":67}},"type":"binary-expr","locations":[{"start":{"line":10,"column":46},"end":{"line":10,"column":49}},{"start":{"line":10,"column":53},"end":{"line":10,"column":67}}],"line":10}},"s":{"0":2,"1":2,"2":2,"3":2,"4":2,"5":2,"6":2},"f":{"0":2},"b":{"0":[0,2],"1":[2,2]},"_coverageSchema":"1a1c01bbd47fc00a2c39e90264f33305004495a9","hash":"cc7dbbd382fa4ae5b1ae1f92e2167839e6e49e8f"}
,"/Users/kasun7153/Documents/Sysco Docs/EAG Onboarding Project/backend/dist/models/purchaseOrder.model.js": {"path":"/Users/kasun7153/Documents/Sysco Docs/EAG Onboarding Project/backend/dist/models/purchaseOrder.model.js","statementMap":{"0":{"start":{"line":3,"column":0},"end":{"line":5,"column":3}},"1":{"start":{"line":6,"column":0},"end":{"line":6,"column":31}},"2":{"start":{"line":8,"column":16},"end":{"line":8,"column":59}},"3":{"start":{"line":10,"column":39},"end":{"line":10,"column":93}},"4":{"start":{"line":12,"column":17},"end":{"line":33,"column":2}},"5":{"start":{"line":35,"column":22},"end":{"line":35,"column":72}},"6":{"start":{"line":37,"column":0},"end":{"line":37,"column":38}}},"fnMap":{"0":{"name":"_interopRequireDefault","decl":{"start":{"line":10,"column":9},"end":{"line":10,"column":31}},"loc":{"start":{"line":10,"column":37},"end":{"line":10,"column":95}},"line":10}},"branchMap":{"0":{"loc":{"start":{"line":10,"column":46},"end":{"line":10,"column":92}},"type":"cond-expr","locations":[{"start":{"line":10,"column":70},"end":{"line":10,"column":73}},{"start":{"line":10,"column":76},"end":{"line":10,"column":92}}],"line":10},"1":{"loc":{"start":{"line":10,"column":46},"end":{"line":10,"column":67}},"type":"binary-expr","locations":[{"start":{"line":10,"column":46},"end":{"line":10,"column":49}},{"start":{"line":10,"column":53},"end":{"line":10,"column":67}}],"line":10}},"s":{"0":2,"1":2,"2":2,"3":2,"4":2,"5":2,"6":2},"f":{"0":2},"b":{"0":[0,2],"1":[2,2]},"_coverageSchema":"1a1c01bbd47fc00a2c39e90264f33305004495a9","hash":"e39661eeb26aa2de283f7178ba16ad92a17ac0b3"}
,"/Users/kasun7153/Documents/Sysco Docs/EAG Onboarding Project/backend/dist/routes/auth.Router.js": {"path":"/Users/kasun7153/Documents/Sysco Docs/EAG Onboarding Project/backend/dist/routes/auth.Router.js","statementMap":{"0":{"start":{"line":3,"column":0},"end":{"line":5,"column":3}},"1":{"start":{"line":6,"column":0},"end":{"line":6,"column":25}},"2":{"start":{"line":8,"column":15},"end":{"line":8,"column":57}},"3":{"start":{"line":10,"column":12},"end":{"line":10,"column":78}},"4":{"start":{"line":12,"column":17},"end":{"line":12,"column":75}},"5":{"start":{"line":14,"column":39},"end":{"line":14,"column":93}},"6":{"start":{"line":16,"column":15},"end":{"line":16,"column":40}},"7":{"start":{"line":18,"column":0},"end":{"line":18,"column":59}},"8":{"start":{"line":19,"column":0},"end":{"line":19,"column":53}},"9":{"start":{"line":20,"column":0},"end":{"line":20,"column":70}},"10":{"start":{"line":21,"column":15},"end":{"line":21,"column":21}},"11":{"start":{"line":22,"column":0},"end":{"line":22,"column":27}}},"fnMap":{"0":{"name":"_interopRequireDefault","decl":{"start":{"line":14,"column":9},"end":{"line":14,"column":31}},"loc":{"start":{"line":14,"column":37},"end":{"line":14,"column":95}},"line":14}},"branchMap":{"0":{"loc":{"start":{"line":14,"column":46},"end":{"line":14,"column":92}},"type":"cond-expr","locations":[{"start":{"line":14,"column":70},"end":{"line":14,"column":73}},{"start":{"line":14,"column":76},"end":{"line":14,"column":92}}],"line":14},"1":{"loc":{"start":{"line":14,"column":46},"end":{"line":14,"column":67}},"type":"binary-expr","locations":[{"start":{"line":14,"column":46},"end":{"line":14,"column":49}},{"start":{"line":14,"column":53},"end":{"line":14,"column":67}}],"line":14}},"s":{"0":2,"1":2,"2":2,"3":2,"4":2,"5":6,"6":2,"7":2,"8":2,"9":2,"10":2,"11":2},"f":{"0":6},"b":{"0":[4,2],"1":[6,6]},"_coverageSchema":"1a1c01bbd47fc00a2c39e90264f33305004495a9","hash":"40a99d2d3d191d0564df9683517d140e1375c500"}
,"/Users/kasun7153/Documents/Sysco Docs/EAG Onboarding Project/backend/dist/routes/purchaseOrder.router.js": {"path":"/Users/kasun7153/Documents/Sysco Docs/EAG Onboarding Project/backend/dist/routes/purchaseOrder.router.js","statementMap":{"0":{"start":{"line":3,"column":0},"end":{"line":5,"column":3}},"1":{"start":{"line":6,"column":0},"end":{"line":6,"column":25}},"2":{"start":{"line":8,"column":15},"end":{"line":8,"column":57}},"3":{"start":{"line":10,"column":21},"end":{"line":10,"column":96}},"4":{"start":{"line":12,"column":17},"end":{"line":12,"column":75}},"5":{"start":{"line":14,"column":39},"end":{"line":14,"column":93}},"6":{"start":{"line":16,"column":15},"end":{"line":16,"column":40}},"7":{"start":{"line":18,"column":0},"end":{"line":18,"column":154}},"8":{"start":{"line":19,"column":0},"end":{"line":19,"column":238}},"9":{"start":{"line":20,"column":15},"end":{"line":20,"column":21}},"10":{"start":{"line":21,"column":0},"end":{"line":21,"column":27}}},"fnMap":{"0":{"name":"_interopRequireDefault","decl":{"start":{"line":14,"column":9},"end":{"line":14,"column":31}},"loc":{"start":{"line":14,"column":37},"end":{"line":14,"column":95}},"line":14}},"branchMap":{"0":{"loc":{"start":{"line":14,"column":46},"end":{"line":14,"column":92}},"type":"cond-expr","locations":[{"start":{"line":14,"column":70},"end":{"line":14,"column":73}},{"start":{"line":14,"column":76},"end":{"line":14,"column":92}}],"line":14},"1":{"loc":{"start":{"line":14,"column":46},"end":{"line":14,"column":67}},"type":"binary-expr","locations":[{"start":{"line":14,"column":46},"end":{"line":14,"column":49}},{"start":{"line":14,"column":53},"end":{"line":14,"column":67}}],"line":14}},"s":{"0":2,"1":2,"2":2,"3":2,"4":2,"5":6,"6":2,"7":2,"8":2,"9":2,"10":2},"f":{"0":6},"b":{"0":[4,2],"1":[6,6]},"_coverageSchema":"1a1c01bbd47fc00a2c39e90264f33305004495a9","hash":"c0a0d6ace437af669a999b5f1d3c0dfe88443260"}
,"/Users/kasun7153/Documents/Sysco Docs/EAG Onboarding Project/backend/dist/utils/db.js": {"path":"/Users/kasun7153/Documents/Sysco Docs/EAG Onboarding Project/backend/dist/utils/db.js","statementMap":{"0":{"start":{"line":3,"column":0},"end":{"line":5,"column":3}},"1":{"start":{"line":6,"column":0},"end":{"line":6,"column":25}},"2":{"start":{"line":8,"column":16},"end":{"line":8,"column":59}},"3":{"start":{"line":10,"column":14},"end":{"line":10,"column":58}},"4":{"start":{"line":12,"column":39},"end":{"line":12,"column":93}},"5":{"start":{"line":14,"column":54},"end":{"line":14,"column":73}},"6":{"start":{"line":14,"column":75},"end":{"line":14,"column":330}},"7":{"start":{"line":14,"column":125},"end":{"line":14,"column":161}},"8":{"start":{"line":14,"column":163},"end":{"line":14,"column":296}},"9":{"start":{"line":14,"column":185},"end":{"line":14,"column":294}},"10":{"start":{"line":14,"column":227},"end":{"line":14,"column":290}},"11":{"start":{"line":14,"column":297},"end":{"line":14,"column":328}},"12":{"start":{"line":14,"column":331},"end":{"line":14,"column":343}},"13":{"start":{"line":16,"column":33},"end":{"line":16,"column":517}},"14":{"start":{"line":16,"column":46},"end":{"line":16,"column":47}},"15":{"start":{"line":16,"column":91},"end":{"line":16,"column":131}},"16":{"start":{"line":16,"column":133},"end":{"line":16,"column":515}},"17":{"start":{"line":16,"column":146},"end":{"line":16,"column":247}},"18":{"start":{"line":16,"column":201},"end":{"line":16,"column":243}},"19":{"start":{"line":16,"column":255},"end":{"line":16,"column":515}},"20":{"start":{"line":16,"column":295},"end":{"line":16,"column":369}},"21":{"start":{"line":16,"column":379},"end":{"line":16,"column":513}},"22":{"start":{"line":16,"column":428},"end":{"line":16,"column":509}},"23":{"start":{"line":16,"column":518},"end":{"line":16,"column":532}},"24":{"start":{"line":18,"column":44},"end":{"line":18,"column":195}},"25":{"start":{"line":18,"column":62},"end":{"line":18,"column":166}},"26":{"start":{"line":18,"column":176},"end":{"line":18,"column":193}},"27":{"start":{"line":18,"column":196},"end":{"line":18,"column":207}},"28":{"start":{"line":20,"column":16},"end":{"line":28,"column":1}},"29":{"start":{"line":21,"column":2},"end":{"line":27,"column":5}},"30":{"start":{"line":24,"column":4},"end":{"line":26,"column":5}},"31":{"start":{"line":25,"column":6},"end":{"line":25,"column":23}},"32":{"start":{"line":30,"column":0},"end":{"line":30,"column":26}}},"fnMap":{"0":{"name":"_interopRequireDefault","decl":{"start":{"line":12,"column":9},"end":{"line":12,"column":31}},"loc":{"start":{"line":12,"column":37},"end":{"line":12,"column":95}},"line":12},"1":{"name":"ownKeys","decl":{"start":{"line":14,"column":9},"end":{"line":14,"column":16}},"loc":{"start":{"line":14,"column":41},"end":{"line":14,"column":345}},"line":14},"2":{"name":"(anonymous_2)","decl":{"start":{"line":14,"column":210},"end":{"line":14,"column":211}},"loc":{"start":{"line":14,"column":225},"end":{"line":14,"column":292}},"line":14},"3":{"name":"_objectSpread","decl":{"start":{"line":16,"column":9},"end":{"line":16,"column":22}},"loc":{"start":{"line":16,"column":31},"end":{"line":16,"column":534}},"line":16},"4":{"name":"(anonymous_4)","decl":{"start":{"line":16,"column":184},"end":{"line":16,"column":185}},"loc":{"start":{"line":16,"column":199},"end":{"line":16,"column":245}},"line":16},"5":{"name":"(anonymous_5)","decl":{"start":{"line":16,"column":411},"end":{"line":16,"column":412}},"loc":{"start":{"line":16,"column":426},"end":{"line":16,"column":511}},"line":16},"6":{"name":"_defineProperty","decl":{"start":{"line":18,"column":9},"end":{"line":18,"column":24}},"loc":{"start":{"line":18,"column":42},"end":{"line":18,"column":209}},"line":18},"7":{"name":"(anonymous_7)","decl":{"start":{"line":20,"column":16},"end":{"line":20,"column":17}},"loc":{"start":{"line":20,"column":60},"end":{"line":28,"column":1}},"line":20},"8":{"name":"(anonymous_8)","decl":{"start":{"line":23,"column":6},"end":{"line":23,"column":7}},"loc":{"start":{"line":23,"column":13},"end":{"line":27,"column":3}},"line":23}},"branchMap":{"0":{"loc":{"start":{"line":12,"column":46},"end":{"line":12,"column":92}},"type":"cond-expr","locations":[{"start":{"line":12,"column":70},"end":{"line":12,"column":73}},{"start":{"line":12,"column":76},"end":{"line":12,"column":92}}],"line":12},"1":{"loc":{"start":{"line":12,"column":46},"end":{"line":12,"column":67}},"type":"binary-expr","locations":[{"start":{"line":12,"column":46},"end":{"line":12,"column":49}},{"start":{"line":12,"column":53},"end":{"line":12,"column":67}}],"line":12},"2":{"loc":{"start":{"line":14,"column":75},"end":{"line":14,"column":330}},"type":"if","locations":[{"start":{"line":14,"column":75},"end":{"line":14,"column":330}},{"start":{},"end":{}}],"line":14},"3":{"loc":{"start":{"line":14,"column":163},"end":{"line":14,"column":296}},"type":"if","locations":[{"start":{"line":14,"column":163},"end":{"line":14,"column":296}},{"start":{},"end":{}}],"line":14},"4":{"loc":{"start":{"line":16,"column":91},"end":{"line":16,"column":131}},"type":"cond-expr","locations":[{"start":{"line":16,"column":114},"end":{"line":16,"column":126}},{"start":{"line":16,"column":129},"end":{"line":16,"column":131}}],"line":16},"5":{"loc":{"start":{"line":16,"column":133},"end":{"line":16,"column":515}},"type":"if","locations":[{"start":{"line":16,"column":133},"end":{"line":16,"column":515}},{"start":{"line":16,"column":255},"end":{"line":16,"column":515}}],"line":16},"6":{"loc":{"start":{"line":16,"column":255},"end":{"line":16,"column":515}},"type":"if","locations":[{"start":{"line":16,"column":255},"end":{"line":16,"column":515}},{"start":{"line":16,"column":377},"end":{"line":16,"column":515}}],"line":16},"7":{"loc":{"start":{"line":18,"column":44},"end":{"line":18,"column":195}},"type":"if","locations":[{"start":{"line":18,"column":44},"end":{"line":18,"column":195}},{"start":{"line":18,"column":174},"end":{"line":18,"column":195}}],"line":18},"8":{"loc":{"start":{"line":20,"column":17},"end":{"line":20,"column":44}},"type":"default-arg","locations":[{"start":{"line":20,"column":23},"end":{"line":20,"column":44}}],"line":20},"9":{"loc":{"start":{"line":20,"column":46},"end":{"line":20,"column":55}},"type":"default-arg","locations":[{"start":{"line":20,"column":53},"end":{"line":20,"column":55}}],"line":20},"10":{"loc":{"start":{"line":24,"column":4},"end":{"line":26,"column":5}},"type":"if","locations":[{"start":{"line":24,"column":4},"end":{"line":26,"column":5}},{"start":{},"end":{}}],"line":24}},"s":{"0":2,"1":2,"2":2,"3":2,"4":4,"5":4,"6":4,"7":4,"8":4,"9":4,"10":0,"11":4,"12":4,"13":4,"14":4,"15":6,"16":6,"17":4,"18":0,"19":2,"20":2,"21":0,"22":0,"23":4,"24":0,"25":0,"26":0,"27":0,"28":2,"29":2,"30":2,"31":0,"32":2},"f":{"0":4,"1":4,"2":0,"3":4,"4":0,"5":0,"6":0,"7":2,"8":2},"b":{"0":[2,2],"1":[4,4],"2":[4,0],"3":[4,0],"4":[6,0],"5":[4,2],"6":[2,0],"7":[0,0],"8":[2],"9":[2],"10":[0,2]},"_coverageSchema":"1a1c01bbd47fc00a2c39e90264f33305004495a9","hash":"745649dfb8f1a540deffcf564c85334d6faa16ed"}
,"/Users/kasun7153/Documents/Sysco Docs/EAG Onboarding Project/backend/src/index.js": {"path":"/Users/kasun7153/Documents/Sysco Docs/EAG Onboarding Project/backend/src/index.js","statementMap":{"0":{"start":{"line":8,"column":12},"end":{"line":8,"column":21}},"1":{"start":{"line":10,"column":0},"end":{"line":10,"column":16}},"2":{"start":{"line":11,"column":0},"end":{"line":11,"column":24}},"3":{"start":{"line":13,"column":0},"end":{"line":15,"column":3}},"4":{"start":{"line":14,"column":2},"end":{"line":14,"column":27}},"5":{"start":{"line":17,"column":0},"end":{"line":17,"column":42}},"6":{"start":{"line":18,"column":0},"end":{"line":18,"column":34}},"7":{"start":{"line":20,"column":14},"end":{"line":30,"column":1}},"8":{"start":{"line":21,"column":2},"end":{"line":29,"column":3}},"9":{"start":{"line":22,"column":4},"end":{"line":22,"column":14}},"10":{"start":{"line":23,"column":4},"end":{"line":23,"column":37}},"11":{"start":{"line":24,"column":4},"end":{"line":26,"column":7}},"12":{"start":{"line":25,"column":6},"end":{"line":25,"column":48}},"13":{"start":{"line":28,"column":4},"end":{"line":28,"column":21}},"14":{"start":{"line":32,"column":15},"end":{"line":32,"column":22}}},"fnMap":{"0":{"name":"(anonymous_0)","decl":{"start":{"line":13,"column":13},"end":{"line":13,"column":14}},"loc":{"start":{"line":13,"column":33},"end":{"line":15,"column":1}},"line":13},"1":{"name":"(anonymous_1)","decl":{"start":{"line":20,"column":14},"end":{"line":20,"column":15}},"loc":{"start":{"line":20,"column":20},"end":{"line":30,"column":1}},"line":20},"2":{"name":"(anonymous_2)","decl":{"start":{"line":24,"column":35},"end":{"line":24,"column":36}},"loc":{"start":{"line":24,"column":41},"end":{"line":26,"column":5}},"line":24}},"branchMap":{},"s":{"0":2,"1":2,"2":2,"3":2,"4":0,"5":2,"6":2,"7":2,"8":2,"9":2,"10":2,"11":2,"12":2,"13":0,"14":2},"f":{"0":0,"1":2,"2":2},"b":{},"_coverageSchema":"1a1c01bbd47fc00a2c39e90264f33305004495a9","hash":"16f6f1e8782d394b371ec066c03f6a877204b7a3"}
,"/Users/kasun7153/Documents/Sysco Docs/EAG Onboarding Project/backend/src/config/index.js": {"path":"/Users/kasun7153/Documents/Sysco Docs/EAG Onboarding Project/backend/src/config/index.js","statementMap":{"0":{"start":{"line":2,"column":12},"end":{"line":2,"column":49}},"1":{"start":{"line":4,"column":19},"end":{"line":8,"column":1}},"2":{"start":{"line":10,"column":16},"end":{"line":10,"column":18}},"3":{"start":{"line":12,"column":0},"end":{"line":23,"column":1}},"4":{"start":{"line":15,"column":4},"end":{"line":15,"column":40}},"5":{"start":{"line":16,"column":4},"end":{"line":16,"column":10}},"6":{"start":{"line":19,"column":4},"end":{"line":19,"column":44}},"7":{"start":{"line":20,"column":4},"end":{"line":20,"column":10}},"8":{"start":{"line":22,"column":4},"end":{"line":22,"column":40}}},"fnMap":{},"branchMap":{"0":{"loc":{"start":{"line":2,"column":12},"end":{"line":2,"column":49}},"type":"binary-expr","locations":[{"start":{"line":2,"column":12},"end":{"line":2,"column":32}},{"start":{"line":2,"column":36},"end":{"line":2,"column":49}}],"line":2},"1":{"loc":{"start":{"line":12,"column":0},"end":{"line":23,"column":1}},"type":"switch","locations":[{"start":{"line":13,"column":2},"end":{"line":13,"column":13}},{"start":{"line":14,"column":2},"end":{"line":16,"column":10}},{"start":{"line":17,"column":2},"end":{"line":17,"column":14}},{"start":{"line":18,"column":2},"end":{"line":20,"column":10}},{"start":{"line":21,"column":2},"end":{"line":22,"column":40}}],"line":12}},"s":{"0":2,"1":2,"2":2,"3":2,"4":0,"5":0,"6":2,"7":2,"8":0},"f":{},"b":{"0":[2,0],"1":[0,0,2,2,0]},"_coverageSchema":"1a1c01bbd47fc00a2c39e90264f33305004495a9","hash":"46d490c0f6c2a4d2899c69c603ffe00ee2505de2"}
,"/Users/kasun7153/Documents/Sysco Docs/EAG Onboarding Project/backend/src/config/testing.js": {"path":"/Users/kasun7153/Documents/Sysco Docs/EAG Onboarding Project/backend/src/config/testing.js","statementMap":{"0":{"start":{"line":1,"column":22},"end":{"line":6,"column":1}}},"fnMap":{},"branchMap":{},"s":{"0":2},"f":{},"b":{},"_coverageSchema":"1a1c01bbd47fc00a2c39e90264f33305004495a9","hash":"a1847f5516cad4290f53a7eb7bf246680dd6dd0a"}
,"/Users/kasun7153/Documents/Sysco Docs/EAG Onboarding Project/backend/src/controllers/auth.controllers.js": {"path":"/Users/kasun7153/Documents/Sysco Docs/EAG Onboarding Project/backend/src/controllers/auth.controllers.js","statementMap":{"0":{"start":{"line":7,"column":21},"end":{"line":36,"column":1}},"1":{"start":{"line":8,"column":17},"end":{"line":13,"column":4}},"2":{"start":{"line":14,"column":21},"end":{"line":14,"column":46}},"3":{"start":{"line":16,"column":2},"end":{"line":19,"column":3}},"4":{"start":{"line":17,"column":4},"end":{"line":17,"column":64}},"5":{"start":{"line":18,"column":4},"end":{"line":18,"column":11}},"6":{"start":{"line":21,"column":2},"end":{"line":35,"column":3}},"7":{"start":{"line":22,"column":17},"end":{"line":22,"column":33}},"8":{"start":{"line":23,"column":20},"end":{"line":23,"column":61}},"9":{"start":{"line":24,"column":4},"end":{"line":32,"column":5}},"10":{"start":{"line":25,"column":6},"end":{"line":25,"column":63}},"11":{"start":{"line":26,"column":6},"end":{"line":26,"column":13}},"12":{"start":{"line":28,"column":19},"end":{"line":28,"column":34}},"13":{"start":{"line":29,"column":6},"end":{"line":29,"column":52}},"14":{"start":{"line":30,"column":6},"end":{"line":30,"column":37}},"15":{"start":{"line":31,"column":6},"end":{"line":31,"column":69}},"16":{"start":{"line":34,"column":4},"end":{"line":34,"column":61}},"17":{"start":{"line":38,"column":24},"end":{"line":42,"column":1}},"18":{"start":{"line":39,"column":2},"end":{"line":41,"column":5}},"19":{"start":{"line":44,"column":18},"end":{"line":79,"column":1}},"20":{"start":{"line":45,"column":17},"end":{"line":48,"column":4}},"21":{"start":{"line":49,"column":2},"end":{"line":78,"column":3}},"22":{"start":{"line":50,"column":23},"end":{"line":50,"column":48}},"23":{"start":{"line":51,"column":4},"end":{"line":53,"column":5}},"24":{"start":{"line":52,"column":6},"end":{"line":52,"column":48}},"25":{"start":{"line":55,"column":17},"end":{"line":55,"column":33}},"26":{"start":{"line":56,"column":17},"end":{"line":56,"column":58}},"27":{"start":{"line":58,"column":4},"end":{"line":75,"column":5}},"28":{"start":{"line":59,"column":21},"end":{"line":59,"column":62}},"29":{"start":{"line":60,"column":6},"end":{"line":72,"column":7}},"30":{"start":{"line":61,"column":26},"end":{"line":61,"column":40}},"31":{"start":{"line":62,"column":8},"end":{"line":69,"column":11}},"32":{"start":{"line":71,"column":8},"end":{"line":71,"column":44}},"33":{"start":{"line":74,"column":6},"end":{"line":74,"column":39}},"34":{"start":{"line":77,"column":4},"end":{"line":77,"column":61}},"35":{"start":{"line":81,"column":21},"end":{"line":98,"column":1}},"36":{"start":{"line":82,"column":2},"end":{"line":97,"column":3}},"37":{"start":{"line":83,"column":17},"end":{"line":83,"column":62}},"38":{"start":{"line":84,"column":4},"end":{"line":94,"column":5}},"39":{"start":{"line":85,"column":6},"end":{"line":91,"column":9}},"40":{"start":{"line":93,"column":6},"end":{"line":93,"column":38}},"41":{"start":{"line":96,"column":4},"end":{"line":96,"column":61}}},"fnMap":{"0":{"name":"(anonymous_0)","decl":{"start":{"line":7,"column":21},"end":{"line":7,"column":22}},"loc":{"start":{"line":7,"column":41},"end":{"line":36,"column":1}},"line":7},"1":{"name":"(anonymous_1)","decl":{"start":{"line":38,"column":24},"end":{"line":38,"column":25}},"loc":{"start":{"line":38,"column":34},"end":{"line":42,"column":1}},"line":38},"2":{"name":"(anonymous_2)","decl":{"start":{"line":44,"column":18},"end":{"line":44,"column":19}},"loc":{"start":{"line":44,"column":38},"end":{"line":79,"column":1}},"line":44},"3":{"name":"(anonymous_3)","decl":{"start":{"line":81,"column":21},"end":{"line":81,"column":22}},"loc":{"start":{"line":81,"column":41},"end":{"line":98,"column":1}},"line":81}},"branchMap":{"0":{"loc":{"start":{"line":16,"column":2},"end":{"line":19,"column":3}},"type":"if","locations":[{"start":{"line":16,"column":2},"end":{"line":19,"column":3}},{"start":{},"end":{}}],"line":16},"1":{"loc":{"start":{"line":24,"column":4},"end":{"line":32,"column":5}},"type":"if","locations":[{"start":{"line":24,"column":4},"end":{"line":32,"column":5}},{"start":{"line":27,"column":11},"end":{"line":32,"column":5}}],"line":24},"2":{"loc":{"start":{"line":34,"column":15},"end":{"line":34,"column":30}},"type":"binary-expr","locations":[{"start":{"line":34,"column":15},"end":{"line":34,"column":23}},{"start":{"line":34,"column":27},"end":{"line":34,"column":30}}],"line":34},"3":{"loc":{"start":{"line":51,"column":4},"end":{"line":53,"column":5}},"type":"if","locations":[{"start":{"line":51,"column":4},"end":{"line":53,"column":5}},{"start":{},"end":{}}],"line":51},"4":{"loc":{"start":{"line":58,"column":4},"end":{"line":75,"column":5}},"type":"if","locations":[{"start":{"line":58,"column":4},"end":{"line":75,"column":5}},{"start":{"line":73,"column":11},"end":{"line":75,"column":5}}],"line":58},"5":{"loc":{"start":{"line":60,"column":6},"end":{"line":72,"column":7}},"type":"if","locations":[{"start":{"line":60,"column":6},"end":{"line":72,"column":7}},{"start":{"line":70,"column":13},"end":{"line":72,"column":7}}],"line":60},"6":{"loc":{"start":{"line":77,"column":15},"end":{"line":77,"column":30}},"type":"binary-expr","locations":[{"start":{"line":77,"column":15},"end":{"line":77,"column":23}},{"start":{"line":77,"column":27},"end":{"line":77,"column":30}}],"line":77},"7":{"loc":{"start":{"line":84,"column":4},"end":{"line":94,"column":5}},"type":"if","locations":[{"start":{"line":84,"column":4},"end":{"line":94,"column":5}},{"start":{"line":92,"column":11},"end":{"line":94,"column":5}}],"line":84},"8":{"loc":{"start":{"line":96,"column":15},"end":{"line":96,"column":30}},"type":"binary-expr","locations":[{"start":{"line":96,"column":15},"end":{"line":96,"column":23}},{"start":{"line":96,"column":27},"end":{"line":96,"column":30}}],"line":96}},"s":{"0":2,"1":1,"2":1,"3":1,"4":0,"5":0,"6":1,"7":1,"8":1,"9":1,"10":0,"11":0,"12":1,"13":1,"14":1,"15":1,"16":0,"17":2,"18":2,"19":2,"20":1,"21":1,"22":1,"23":1,"24":0,"25":1,"26":1,"27":1,"28":1,"29":1,"30":1,"31":1,"32":0,"33":0,"34":0,"35":2,"36":0,"37":0,"38":0,"39":0,"40":0,"41":0},"f":{"0":1,"1":2,"2":1,"3":0},"b":{"0":[0,1],"1":[0,1],"2":[0,0],"3":[0,1],"4":[1,0],"5":[1,0],"6":[0,0],"7":[0,0],"8":[0,0]},"_coverageSchema":"1a1c01bbd47fc00a2c39e90264f33305004495a9","hash":"52a83032c9a548fe0b755e877912cce82fa02e6b"}
,"/Users/kasun7153/Documents/Sysco Docs/EAG Onboarding Project/backend/src/controllers/purchaseOrder.controllers.js": {"path":"/Users/kasun7153/Documents/Sysco Docs/EAG Onboarding Project/backend/src/controllers/purchaseOrder.controllers.js","statementMap":{"0":{"start":{"line":3,"column":26},"end":{"line":10,"column":1}},"1":{"start":{"line":4,"column":2},"end":{"line":9,"column":3}},"2":{"start":{"line":5,"column":4},"end":{"line":5,"column":48}},"3":{"start":{"line":6,"column":4},"end":{"line":6,"column":76}},"4":{"start":{"line":8,"column":4},"end":{"line":8,"column":61}},"5":{"start":{"line":12,"column":25},"end":{"line":22,"column":1}},"6":{"start":{"line":13,"column":2},"end":{"line":21,"column":3}},"7":{"start":{"line":14,"column":20},"end":{"line":14,"column":48}},"8":{"start":{"line":15,"column":26},"end":{"line":17,"column":6}},"9":{"start":{"line":18,"column":4},"end":{"line":18,"column":28}},"10":{"start":{"line":20,"column":4},"end":{"line":20,"column":61}},"11":{"start":{"line":24,"column":29},"end":{"line":31,"column":1}},"12":{"start":{"line":25,"column":2},"end":{"line":30,"column":3}},"13":{"start":{"line":26,"column":27},"end":{"line":26,"column":53}},"14":{"start":{"line":27,"column":4},"end":{"line":27,"column":33}},"15":{"start":{"line":29,"column":4},"end":{"line":29,"column":61}},"16":{"start":{"line":33,"column":26},"end":{"line":43,"column":1}},"17":{"start":{"line":34,"column":2},"end":{"line":42,"column":3}},"18":{"start":{"line":35,"column":20},"end":{"line":35,"column":48}},"19":{"start":{"line":36,"column":4},"end":{"line":38,"column":7}},"20":{"start":{"line":39,"column":4},"end":{"line":39,"column":77}},"21":{"start":{"line":41,"column":4},"end":{"line":41,"column":61}},"22":{"start":{"line":45,"column":28},"end":{"line":53,"column":1}},"23":{"start":{"line":46,"column":2},"end":{"line":52,"column":3}},"24":{"start":{"line":47,"column":20},"end":{"line":47,"column":48}},"25":{"start":{"line":48,"column":4},"end":{"line":48,"column":51}},"26":{"start":{"line":49,"column":4},"end":{"line":49,"column":78}},"27":{"start":{"line":51,"column":4},"end":{"line":51,"column":61}}},"fnMap":{"0":{"name":"(anonymous_0)","decl":{"start":{"line":3,"column":26},"end":{"line":3,"column":27}},"loc":{"start":{"line":3,"column":46},"end":{"line":10,"column":1}},"line":3},"1":{"name":"(anonymous_1)","decl":{"start":{"line":12,"column":25},"end":{"line":12,"column":26}},"loc":{"start":{"line":12,"column":45},"end":{"line":22,"column":1}},"line":12},"2":{"name":"(anonymous_2)","decl":{"start":{"line":24,"column":29},"end":{"line":24,"column":30}},"loc":{"start":{"line":24,"column":49},"end":{"line":31,"column":1}},"line":24},"3":{"name":"(anonymous_3)","decl":{"start":{"line":33,"column":26},"end":{"line":33,"column":27}},"loc":{"start":{"line":33,"column":46},"end":{"line":43,"column":1}},"line":33},"4":{"name":"(anonymous_4)","decl":{"start":{"line":45,"column":28},"end":{"line":45,"column":29}},"loc":{"start":{"line":45,"column":48},"end":{"line":53,"column":1}},"line":45}},"branchMap":{"0":{"loc":{"start":{"line":8,"column":15},"end":{"line":8,"column":30}},"type":"binary-expr","locations":[{"start":{"line":8,"column":15},"end":{"line":8,"column":23}},{"start":{"line":8,"column":27},"end":{"line":8,"column":30}}],"line":8},"1":{"loc":{"start":{"line":20,"column":15},"end":{"line":20,"column":30}},"type":"binary-expr","locations":[{"start":{"line":20,"column":15},"end":{"line":20,"column":23}},{"start":{"line":20,"column":27},"end":{"line":20,"column":30}}],"line":20},"2":{"loc":{"start":{"line":29,"column":15},"end":{"line":29,"column":30}},"type":"binary-expr","locations":[{"start":{"line":29,"column":15},"end":{"line":29,"column":23}},{"start":{"line":29,"column":27},"end":{"line":29,"column":30}}],"line":29},"3":{"loc":{"start":{"line":41,"column":15},"end":{"line":41,"column":30}},"type":"binary-expr","locations":[{"start":{"line":41,"column":15},"end":{"line":41,"column":23}},{"start":{"line":41,"column":27},"end":{"line":41,"column":30}}],"line":41},"4":{"loc":{"start":{"line":51,"column":15},"end":{"line":51,"column":30}},"type":"binary-expr","locations":[{"start":{"line":51,"column":15},"end":{"line":51,"column":23}},{"start":{"line":51,"column":27},"end":{"line":51,"column":30}}],"line":51}},"s":{"0":2,"1":1,"2":1,"3":1,"4":0,"5":2,"6":0,"7":0,"8":0,"9":0,"10":0,"11":2,"12":1,"13":1,"14":1,"15":0,"16":2,"17":1,"18":1,"19":1,"20":1,"21":0,"22":2,"23":1,"24":1,"25":1,"26":1,"27":0},"f":{"0":1,"1":0,"2":1,"3":1,"4":1},"b":{"0":[0,0],"1":[0,0],"2":[0,0],"3":[0,0],"4":[0,0]},"_coverageSchema":"1a1c01bbd47fc00a2c39e90264f33305004495a9","hash":"31a1564387e7e68bab8be8ee84a17bc6f8c26abd"}
,"/Users/kasun7153/Documents/Sysco Docs/EAG Onboarding Project/backend/src/middleware/checkAuth.js": {"path":"/Users/kasun7153/Documents/Sysco Docs/EAG Onboarding Project/backend/src/middleware/checkAuth.js","statementMap":{"0":{"start":{"line":4,"column":19},"end":{"line":20,"column":1}},"1":{"start":{"line":5,"column":14},"end":{"line":5,"column":38}},"2":{"start":{"line":6,"column":2},"end":{"line":19,"column":3}},"3":{"start":{"line":7,"column":4},"end":{"line":7,"column":27}},"4":{"start":{"line":8,"column":4},"end":{"line":16,"column":7}},"5":{"start":{"line":9,"column":6},"end":{"line":15,"column":7}},"6":{"start":{"line":10,"column":8},"end":{"line":10,"column":57}},"7":{"start":{"line":12,"column":8},"end":{"line":12,"column":34}},"8":{"start":{"line":13,"column":8},"end":{"line":13,"column":33}},"9":{"start":{"line":14,"column":8},"end":{"line":14,"column":15}},"10":{"start":{"line":18,"column":4},"end":{"line":18,"column":66}}},"fnMap":{"0":{"name":"(anonymous_0)","decl":{"start":{"line":4,"column":19},"end":{"line":4,"column":20}},"loc":{"start":{"line":4,"column":39},"end":{"line":20,"column":1}},"line":4},"1":{"name":"(anonymous_1)","decl":{"start":{"line":8,"column":40},"end":{"line":8,"column":41}},"loc":{"start":{"line":8,"column":60},"end":{"line":16,"column":5}},"line":8}},"branchMap":{"0":{"loc":{"start":{"line":6,"column":2},"end":{"line":19,"column":3}},"type":"if","locations":[{"start":{"line":6,"column":2},"end":{"line":19,"column":3}},{"start":{"line":17,"column":9},"end":{"line":19,"column":3}}],"line":6},"1":{"loc":{"start":{"line":9,"column":6},"end":{"line":15,"column":7}},"type":"if","locations":[{"start":{"line":9,"column":6},"end":{"line":15,"column":7}},{"start":{"line":11,"column":13},"end":{"line":15,"column":7}}],"line":9}},"s":{"0":2,"1":4,"2":4,"3":4,"4":4,"5":4,"6":0,"7":4,"8":4,"9":4,"10":0},"f":{"0":4,"1":4},"b":{"0":[4,0],"1":[0,4]},"_coverageSchema":"1a1c01bbd47fc00a2c39e90264f33305004495a9","hash":"b865756e5aa623470abe036743f17bb91ca3ad7f"}
,"/Users/kasun7153/Documents/Sysco Docs/EAG Onboarding Project/backend/src/models/auth.model.js": {"path":"/Users/kasun7153/Documents/Sysco Docs/EAG Onboarding Project/backend/src/models/auth.model.js","statementMap":{"0":{"start":{"line":3,"column":19},"end":{"line":11,"column":1}},"1":{"start":{"line":13,"column":20},"end":{"line":13,"column":54}}},"fnMap":{},"branchMap":{},"s":{"0":2,"1":2},"f":{},"b":{},"_coverageSchema":"1a1c01bbd47fc00a2c39e90264f33305004495a9","hash":"1619825da6b762b22895e077ab0dae84c986abba"}
,"/Users/kasun7153/Documents/Sysco Docs/EAG Onboarding Project/backend/src/models/purchaseOrder.model.js": {"path":"/Users/kasun7153/Documents/Sysco Docs/EAG Onboarding Project/backend/src/models/purchaseOrder.model.js","statementMap":{"0":{"start":{"line":3,"column":17},"end":{"line":11,"column":1}},"1":{"start":{"line":13,"column":29},"end":{"line":13,"column":70}}},"fnMap":{},"branchMap":{},"s":{"0":2,"1":2},"f":{},"b":{},"_coverageSchema":"1a1c01bbd47fc00a2c39e90264f33305004495a9","hash":"93ca3ad4219c4497ca8e27a7fec28e694497be9e"}
,"/Users/kasun7153/Documents/Sysco Docs/EAG Onboarding Project/backend/src/routes/auth.Router.js": {"path":"/Users/kasun7153/Documents/Sysco Docs/EAG Onboarding Project/backend/src/routes/auth.Router.js","statementMap":{"0":{"start":{"line":4,"column":15},"end":{"line":4,"column":31}},"1":{"start":{"line":6,"column":0},"end":{"line":6,"column":60}},"2":{"start":{"line":8,"column":0},"end":{"line":8,"column":54}},"3":{"start":{"line":10,"column":0},"end":{"line":10,"column":63}}},"fnMap":{},"branchMap":{},"s":{"0":2,"1":2,"2":2,"3":2},"f":{},"b":{},"_coverageSchema":"1a1c01bbd47fc00a2c39e90264f33305004495a9","hash":"f6531569159d202654ed08c078c5f24b844f0ca4"}
,"/Users/kasun7153/Documents/Sysco Docs/EAG Onboarding Project/backend/src/routes/purchaseOrder.router.js": {"path":"/Users/kasun7153/Documents/Sysco Docs/EAG Onboarding Project/backend/src/routes/purchaseOrder.router.js","statementMap":{"0":{"start":{"line":4,"column":15},"end":{"line":4,"column":31}},"1":{"start":{"line":6,"column":0},"end":{"line":9,"column":63}},"2":{"start":{"line":11,"column":0},"end":{"line":15,"column":67}}},"fnMap":{},"branchMap":{},"s":{"0":2,"1":2,"2":2},"f":{},"b":{},"_coverageSchema":"1a1c01bbd47fc00a2c39e90264f33305004495a9","hash":"121d9de7660ae21d7987998c417ffc70a68de954"}
,"/Users/kasun7153/Documents/Sysco Docs/EAG Onboarding Project/backend/src/utils/db.js": {"path":"/Users/kasun7153/Documents/Sysco Docs/EAG Onboarding Project/backend/src/utils/db.js","statementMap":{"0":{"start":{"line":4,"column":23},"end":{"line":10,"column":1}},"1":{"start":{"line":5,"column":2},"end":{"line":9,"column":5}},"2":{"start":{"line":6,"column":4},"end":{"line":8,"column":5}},"3":{"start":{"line":7,"column":6},"end":{"line":7,"column":23}}},"fnMap":{"0":{"name":"(anonymous_0)","decl":{"start":{"line":4,"column":23},"end":{"line":4,"column":24}},"loc":{"start":{"line":4,"column":58},"end":{"line":10,"column":1}},"line":4},"1":{"name":"(anonymous_1)","decl":{"start":{"line":5,"column":67},"end":{"line":5,"column":68}},"loc":{"start":{"line":5,"column":76},"end":{"line":9,"column":3}},"line":5}},"branchMap":{"0":{"loc":{"start":{"line":4,"column":24},"end":{"line":4,"column":42}},"type":"default-arg","locations":[{"start":{"line":4,"column":30},"end":{"line":4,"column":42}}],"line":4},"1":{"loc":{"start":{"line":4,"column":44},"end":{"line":4,"column":53}},"type":"default-arg","locations":[{"start":{"line":4,"column":51},"end":{"line":4,"column":53}}],"line":4},"2":{"loc":{"start":{"line":6,"column":4},"end":{"line":8,"column":5}},"type":"if","locations":[{"start":{"line":6,"column":4},"end":{"line":8,"column":5}},{"start":{},"end":{}}],"line":6}},"s":{"0":2,"1":2,"2":2,"3":0},"f":{"0":2,"1":2},"b":{"0":[2],"1":[2],"2":[0,2]},"_coverageSchema":"1a1c01bbd47fc00a2c39e90264f33305004495a9","hash":"566af6d4a33029e272e37b85be4b64654d6ca714"}
}
