TN:
SF:dist/index.js
FN:20,_interopRequireDefault
FN:25,(anonymous_1)
FN:31,(anonymous_2)
FN:35,(anonymous_3)
FNF:4
FNH:3
FNDA:10,_interopRequireDefault
FNDA:0,(anonymous_1)
FNDA:2,(anonymous_2)
FNDA:2,(anonymous_3)
DA:3,2
DA:6,2
DA:8,2
DA:10,2
DA:12,2
DA:14,2
DA:16,2
DA:18,2
DA:20,10
DA:22,2
DA:23,2
DA:24,2
DA:25,2
DA:26,0
DA:28,2
DA:29,2
DA:31,2
DA:32,2
DA:33,2
DA:34,2
DA:35,2
DA:36,2
DA:39,0
DA:43,2
DA:44,2
DA:45,2
LF:26
LH:24
BRDA:20,0,0,6
BRDA:20,0,1,4
BRDA:20,1,0,10
BRDA:20,1,1,10
BRF:4
BRH:4
end_of_record
TN:
SF:dist/config/index.js
FNF:0
FNH:0
DA:3,2
DA:6,2
DA:8,2
DA:10,2
DA:11,2
DA:16,2
DA:18,2
DA:21,0
DA:22,0
DA:26,2
DA:27,2
DA:30,0
DA:33,2
DA:35,2
LF:14
LH:11
BRDA:10,0,0,2
BRDA:10,0,1,0
BRDA:18,1,0,0
BRDA:18,1,1,0
BRDA:18,1,2,2
BRDA:18,1,3,2
BRDA:18,1,4,0
BRF:7
BRH:3
end_of_record
TN:
SF:dist/config/testing.js
FNF:0
FNH:0
DA:3,2
DA:6,2
DA:7,2
DA:12,2
LF:4
LH:4
BRF:0
BRH:0
end_of_record
TN:
SF:dist/controllers/userController.js
FN:18,_interopRequireDefault
FN:20,ownKeys
FN:20,(anonymous_2)
FN:22,_objectSpread
FN:22,(anonymous_4)
FN:22,(anonymous_5)
FN:24,_defineProperty
FN:26,(anonymous_7)
FN:69,(anonymous_8)
FN:79,(anonymous_9)
FN:123,(anonymous_10)
FNF:11
FNH:8
FNDA:4,_interopRequireDefault
FNDA:1,ownKeys
FNDA:0,(anonymous_2)
FNDA:1,_objectSpread
FNDA:4,(anonymous_4)
FNDA:0,(anonymous_5)
FNDA:4,_defineProperty
FNDA:1,(anonymous_7)
FNDA:2,(anonymous_8)
FNDA:1,(anonymous_9)
FNDA:0,(anonymous_10)
DA:3,2
DA:6,2
DA:8,2
DA:10,2
DA:12,2
DA:14,2
DA:16,2
DA:18,4
DA:20,1
DA:22,4
DA:24,4
DA:26,2
DA:27,1
DA:34,1
DA:36,1
DA:37,0
DA:40,0
DA:43,1
DA:44,1
DA:45,1
DA:49,1
DA:50,0
DA:53,0
DA:55,1
DA:56,1
DA:57,1
DA:58,1
DA:63,0
DA:69,2
DA:70,2
DA:77,2
DA:79,2
DA:80,1
DA:85,1
DA:86,1
DA:88,1
DA:89,0
DA:92,1
DA:93,1
DA:97,1
DA:98,1
DA:100,1
DA:101,1
DA:102,1
DA:111,0
DA:114,0
DA:117,0
DA:123,2
DA:124,0
DA:125,0
DA:129,0
DA:130,0
DA:138,0
DA:141,0
DA:147,2
DA:152,2
LF:56
LH:41
BRDA:18,0,0,2
BRDA:18,0,1,2
BRDA:18,1,0,4
BRDA:18,1,1,4
BRDA:20,2,0,1
BRDA:20,2,1,0
BRDA:20,3,0,1
BRDA:20,3,1,0
BRDA:22,4,0,1
BRDA:22,4,1,0
BRDA:22,5,0,1
BRDA:22,5,1,0
BRDA:22,6,0,0
BRDA:22,6,1,0
BRDA:24,7,0,0
BRDA:24,7,1,4
BRDA:36,8,0,0
BRDA:36,8,1,1
BRDA:49,9,0,0
BRDA:49,9,1,1
BRDA:63,10,0,0
BRDA:63,10,1,0
BRDA:88,11,0,0
BRDA:88,11,1,1
BRDA:97,12,0,1
BRDA:97,12,1,0
BRDA:100,13,0,1
BRDA:100,13,1,0
BRDA:117,14,0,0
BRDA:117,14,1,0
BRDA:129,15,0,0
BRDA:129,15,1,0
BRDA:141,16,0,0
BRDA:141,16,1,0
BRF:34
BRH:14
end_of_record
TN:
SF:dist/controllers/purchaseOrder.controllers.js
FN:10,ownKeys
FN:10,(anonymous_1)
FN:12,_objectSpread
FN:12,(anonymous_3)
FN:12,(anonymous_4)
FN:14,_defineProperty
FN:16,(anonymous_6)
FN:29,(anonymous_7)
FN:43,(anonymous_8)
FN:56,(anonymous_9)
FN:70,(anonymous_10)
FNF:11
FNH:8
FNDA:2,ownKeys
FNDA:0,(anonymous_1)
FNDA:2,_objectSpread
FNDA:6,(anonymous_3)
FNDA:0,(anonymous_4)
FNDA:6,_defineProperty
FNDA:1,(anonymous_6)
FNDA:0,(anonymous_7)
FNDA:1,(anonymous_8)
FNDA:1,(anonymous_9)
FNDA:1,(anonymous_10)
DA:3,2
DA:6,2
DA:8,2
DA:10,2
DA:12,6
DA:14,6
DA:16,2
DA:17,1
DA:18,1
DA:19,1
DA:23,0
DA:29,2
DA:30,0
DA:31,0
DA:32,0
DA:35,0
DA:37,0
DA:43,2
DA:44,1
DA:45,1
DA:46,1
DA:50,0
DA:56,2
DA:57,1
DA:58,1
DA:59,1
DA:60,1
DA:64,0
DA:70,2
DA:71,1
DA:72,1
DA:73,1
DA:74,1
DA:78,0
DA:84,2
DA:91,2
LF:36
LH:27
BRDA:10,0,0,2
BRDA:10,0,1,0
BRDA:10,1,0,2
BRDA:10,1,1,0
BRDA:12,2,0,2
BRDA:12,2,1,0
BRDA:12,3,0,2
BRDA:12,3,1,0
BRDA:12,4,0,0
BRDA:12,4,1,0
BRDA:14,5,0,0
BRDA:14,5,1,6
BRDA:23,6,0,0
BRDA:23,6,1,0
BRDA:37,7,0,0
BRDA:37,7,1,0
BRDA:50,8,0,0
BRDA:50,8,1,0
BRDA:64,9,0,0
BRDA:64,9,1,0
BRDA:78,10,0,0
BRDA:78,10,1,0
BRF:22
BRH:5
end_of_record
TN:
SF:dist/middleware/checkAuth.js
FN:12,_interopRequireDefault
FN:14,(anonymous_1)
FN:19,(anonymous_2)
FNF:3
FNH:3
FNDA:2,_interopRequireDefault
FNDA:4,(anonymous_1)
FNDA:4,(anonymous_2)
DA:3,2
DA:6,2
DA:8,2
DA:10,2
DA:12,2
DA:14,2
DA:15,4
DA:17,4
DA:18,4
DA:19,4
DA:20,4
DA:21,0
DA:25,4
DA:26,4
DA:27,4
DA:31,0
DA:37,2
DA:38,2
LF:18
LH:16
BRDA:12,0,0,2
BRDA:12,0,1,0
BRDA:12,1,0,2
BRDA:12,1,1,2
BRDA:17,2,0,4
BRDA:17,2,1,0
BRDA:20,3,0,0
BRDA:20,3,1,4
BRF:8
BRH:5
end_of_record
TN:
SF:dist/models/auth.model.js
FN:10,_interopRequireDefault
FNF:1
FNH:1
FNDA:2,_interopRequireDefault
DA:3,2
DA:6,2
DA:8,2
DA:10,2
DA:12,2
DA:38,2
DA:40,2
LF:7
LH:7
BRDA:10,0,0,0
BRDA:10,0,1,2
BRDA:10,1,0,2
BRDA:10,1,1,2
BRF:4
BRH:3
end_of_record
TN:
SF:dist/models/purchaseOrder.model.js
FN:10,_interopRequireDefault
FNF:1
FNH:1
FNDA:2,_interopRequireDefault
DA:3,2
DA:6,2
DA:8,2
DA:10,2
DA:12,2
DA:35,2
DA:37,2
LF:7
LH:7
BRDA:10,0,0,0
BRDA:10,0,1,2
BRDA:10,1,0,2
BRDA:10,1,1,2
BRF:4
BRH:3
end_of_record
TN:
SF:dist/routes/auth.Router.js
FN:14,_interopRequireDefault
FNF:1
FNH:1
FNDA:6,_interopRequireDefault
DA:3,2
DA:6,2
DA:8,2
DA:10,2
DA:12,2
DA:14,6
DA:16,2
DA:18,2
DA:19,2
DA:20,2
DA:21,2
DA:22,2
LF:12
LH:12
BRDA:14,0,0,4
BRDA:14,0,1,2
BRDA:14,1,0,6
BRDA:14,1,1,6
BRF:4
BRH:4
end_of_record
TN:
SF:dist/routes/purchaseOrder.router.js
FN:14,_interopRequireDefault
FNF:1
FNH:1
FNDA:6,_interopRequireDefault
DA:3,2
DA:6,2
DA:8,2
DA:10,2
DA:12,2
DA:14,6
DA:16,2
DA:18,2
DA:19,2
DA:20,2
DA:21,2
LF:11
LH:11
BRDA:14,0,0,4
BRDA:14,0,1,2
BRDA:14,1,0,6
BRDA:14,1,1,6
BRF:4
BRH:4
end_of_record
TN:
SF:dist/utils/db.js
FN:12,_interopRequireDefault
FN:14,ownKeys
FN:14,(anonymous_2)
FN:16,_objectSpread
FN:16,(anonymous_4)
FN:16,(anonymous_5)
FN:18,_defineProperty
FN:20,(anonymous_7)
FN:23,(anonymous_8)
FNF:9
FNH:5
FNDA:4,_interopRequireDefault
FNDA:4,ownKeys
FNDA:0,(anonymous_2)
FNDA:4,_objectSpread
FNDA:0,(anonymous_4)
FNDA:0,(anonymous_5)
FNDA:0,_defineProperty
FNDA:2,(anonymous_7)
FNDA:2,(anonymous_8)
DA:3,2
DA:6,2
DA:8,2
DA:10,2
DA:12,4
DA:14,4
DA:16,6
DA:18,0
DA:20,2
DA:21,2
DA:24,2
DA:25,0
DA:30,2
LF:13
LH:11
BRDA:12,0,0,2
BRDA:12,0,1,2
BRDA:12,1,0,4
BRDA:12,1,1,4
BRDA:14,2,0,4
BRDA:14,2,1,0
BRDA:14,3,0,4
BRDA:14,3,1,0
BRDA:16,4,0,6
BRDA:16,4,1,0
BRDA:16,5,0,4
BRDA:16,5,1,2
BRDA:16,6,0,2
BRDA:16,6,1,0
BRDA:18,7,0,0
BRDA:18,7,1,0
BRDA:20,8,0,2
BRDA:20,9,0,2
BRDA:24,10,0,0
BRDA:24,10,1,2
BRF:20
BRH:13
end_of_record
TN:
SF:src/index.js
FN:13,(anonymous_0)
FN:20,(anonymous_1)
FN:24,(anonymous_2)
FNF:3
FNH:2
FNDA:0,(anonymous_0)
FNDA:2,(anonymous_1)
FNDA:2,(anonymous_2)
DA:8,2
DA:10,2
DA:11,2
DA:13,2
DA:14,0
DA:17,2
DA:18,2
DA:20,2
DA:21,2
DA:22,2
DA:23,2
DA:24,2
DA:25,2
DA:28,0
DA:32,2
LF:15
LH:13
BRF:0
BRH:0
end_of_record
TN:
SF:src/config/index.js
FNF:0
FNH:0
DA:2,2
DA:4,2
DA:10,2
DA:12,2
DA:15,0
DA:16,0
DA:19,2
DA:20,2
DA:22,0
LF:9
LH:6
BRDA:2,0,0,2
BRDA:2,0,1,0
BRDA:12,1,0,0
BRDA:12,1,1,0
BRDA:12,1,2,2
BRDA:12,1,3,2
BRDA:12,1,4,0
BRF:7
BRH:3
end_of_record
TN:
SF:src/config/testing.js
FNF:0
FNH:0
DA:1,2
LF:1
LH:1
BRF:0
BRH:0
end_of_record
TN:
SF:src/controllers/userController.js
FN:7,(anonymous_0)
FN:38,(anonymous_1)
FN:44,(anonymous_2)
FN:81,(anonymous_3)
FNF:4
FNH:3
FNDA:1,(anonymous_0)
FNDA:2,(anonymous_1)
FNDA:1,(anonymous_2)
FNDA:0,(anonymous_3)
DA:7,2
DA:8,1
DA:14,1
DA:16,1
DA:17,0
DA:18,0
DA:21,1
DA:22,1
DA:23,1
DA:24,1
DA:25,0
DA:26,0
DA:28,1
DA:29,1
DA:30,1
DA:31,1
DA:34,0
DA:38,2
DA:39,2
DA:44,2
DA:45,1
DA:49,1
DA:50,1
DA:51,1
DA:52,0
DA:55,1
DA:56,1
DA:58,1
DA:59,1
DA:60,1
DA:61,1
DA:62,1
DA:71,0
DA:74,0
DA:77,0
DA:81,2
DA:82,0
DA:83,0
DA:84,0
DA:85,0
DA:93,0
DA:96,0
LF:42
LH:27
BRDA:16,0,0,0
BRDA:16,0,1,1
BRDA:24,1,0,0
BRDA:24,1,1,1
BRDA:34,2,0,0
BRDA:34,2,1,0
BRDA:51,3,0,0
BRDA:51,3,1,1
BRDA:58,4,0,1
BRDA:58,4,1,0
BRDA:60,5,0,1
BRDA:60,5,1,0
BRDA:77,6,0,0
BRDA:77,6,1,0
BRDA:84,7,0,0
BRDA:84,7,1,0
BRDA:96,8,0,0
BRDA:96,8,1,0
BRF:18
BRH:5
end_of_record
TN:
SF:src/controllers/purchaseOrder.controllers.js
FN:3,(anonymous_0)
FN:12,(anonymous_1)
FN:24,(anonymous_2)
FN:33,(anonymous_3)
FN:45,(anonymous_4)
FNF:5
FNH:4
FNDA:1,(anonymous_0)
FNDA:0,(anonymous_1)
FNDA:1,(anonymous_2)
FNDA:1,(anonymous_3)
FNDA:1,(anonymous_4)
DA:3,2
DA:4,1
DA:5,1
DA:6,1
DA:8,0
DA:12,2
DA:13,0
DA:14,0
DA:15,0
DA:18,0
DA:20,0
DA:24,2
DA:25,1
DA:26,1
DA:27,1
DA:29,0
DA:33,2
DA:34,1
DA:35,1
DA:36,1
DA:39,1
DA:41,0
DA:45,2
DA:46,1
DA:47,1
DA:48,1
DA:49,1
DA:51,0
LF:28
LH:19
BRDA:8,0,0,0
BRDA:8,0,1,0
BRDA:20,1,0,0
BRDA:20,1,1,0
BRDA:29,2,0,0
BRDA:29,2,1,0
BRDA:41,3,0,0
BRDA:41,3,1,0
BRDA:51,4,0,0
BRDA:51,4,1,0
BRF:10
BRH:0
end_of_record
TN:
SF:src/middleware/checkAuth.js
FN:4,(anonymous_0)
FN:8,(anonymous_1)
FNF:2
FNH:2
FNDA:4,(anonymous_0)
FNDA:4,(anonymous_1)
DA:4,2
DA:5,4
DA:6,4
DA:7,4
DA:8,4
DA:9,4
DA:10,0
DA:12,4
DA:13,4
DA:14,4
DA:18,0
LF:11
LH:9
BRDA:6,0,0,4
BRDA:6,0,1,0
BRDA:9,1,0,0
BRDA:9,1,1,4
BRF:4
BRH:2
end_of_record
TN:
SF:src/models/auth.model.js
FNF:0
FNH:0
DA:3,2
DA:13,2
LF:2
LH:2
BRF:0
BRH:0
end_of_record
TN:
SF:src/models/purchaseOrder.model.js
FNF:0
FNH:0
DA:3,2
DA:13,2
LF:2
LH:2
BRF:0
BRH:0
end_of_record
TN:
SF:src/routes/auth.Router.js
FNF:0
FNH:0
DA:4,2
DA:6,2
DA:8,2
DA:10,2
LF:4
LH:4
BRF:0
BRH:0
end_of_record
TN:
SF:src/routes/purchaseOrder.router.js
FNF:0
FNH:0
DA:4,2
DA:6,2
DA:11,2
LF:3
LH:3
BRF:0
BRH:0
end_of_record
TN:
SF:src/utils/db.js
FN:4,(anonymous_0)
FN:5,(anonymous_1)
FNF:2
FNH:2
FNDA:2,(anonymous_0)
FNDA:2,(anonymous_1)
DA:4,2
DA:5,2
DA:6,2
DA:7,0
LF:4
LH:3
BRDA:4,0,0,2
BRDA:4,1,0,2
BRDA:6,2,0,0
BRDA:6,2,1,2
BRF:4
BRH:3
end_of_record
